<?xml version="1.0" encoding="UTF-8"?>
<!-- Generated by org.testng.reporters.JUnitReportReporter -->
<testsuite name="testcases.TC004_MergeLeads" tests="1" time="36.420" ignored="0" failures="0" timestamp="12 Apr 2018 17:31:25 GMT" skipped="0" hostname="DESKTOP-R57P1JO" errors="0">
  <testcase name="createLead" time="36.420" classname="testcases.TC004_MergeLeads"/>
</testsuite> <!-- testcases.TC004_MergeLeads -->
