<?xml version="1.0" encoding="UTF-8"?>
<!-- Generated by org.testng.reporters.JUnitReportReporter -->
<testsuite name="testcases.TC005_EditLead" tests="1" time="23.731" ignored="0" failures="0" timestamp="12 Apr 2018 18:49:33 GMT" skipped="0" hostname="DESKTOP-R57P1JO" errors="0">
  <testcase name="createLead" time="23.731" classname="testcases.TC005_EditLead"/>
</testsuite> <!-- testcases.TC005_EditLead -->
