<?xml version="1.0" encoding="UTF-8"?>
<!-- Generated by org.testng.reporters.JUnitReportReporter -->
<testsuite name="testcases.TC006_DeleteLead" tests="1" time="25.373" ignored="0" failures="0" timestamp="14 Apr 2018 04:28:29 GMT" skipped="0" hostname="DESKTOP-R57P1JO" errors="0">
  <testcase name="createLead" time="25.373" classname="testcases.TC006_DeleteLead"/>
</testsuite> <!-- testcases.TC006_DeleteLead -->
