<?xml version="1.0" encoding="UTF-8"?>
<!-- Generated by org.testng.reporters.JUnitReportReporter -->
<testsuite name="testcases.TC001_LoginAndLogout" tests="2" time="24.216" ignored="0" failures="0" timestamp="12 Apr 2018 14:57:45 GMT" skipped="0" hostname="DESKTOP-R57P1JO" errors="0">
  <testcase name="loginAndLogout" time="11.142" classname="testcases.TC001_LoginAndLogout"/>
  <testcase name="loginAndLogout" time="13.074" classname="testcases.TC001_LoginAndLogout"/>
</testsuite> <!-- testcases.TC001_LoginAndLogout -->
