<?xml version="1.0" encoding="UTF-8"?>
<!-- Generated by org.testng.reporters.JUnitReportReporter -->
<testsuite name="testcases.TC009_MeargeAccount" tests="1" time="37.586" ignored="0" failures="0" timestamp="15 Apr 2018 05:20:50 GMT" skipped="0" hostname="DESKTOP-R57P1JO" errors="0">
  <testcase name="createLead" time="37.586" classname="testcases.TC009_MeargeAccount"/>
</testsuite> <!-- testcases.TC009_MeargeAccount -->
