<?xml version="1.0" encoding="UTF-8"?>
<!-- Generated by org.testng.reporters.JUnitReportReporter -->
<testsuite name="testcases.TC007_DuplicateLead" tests="1" time="23.408" ignored="0" failures="0" timestamp="14 Apr 2018 05:35:01 GMT" skipped="0" hostname="DESKTOP-R57P1JO" errors="0">
  <testcase name="createLead" time="23.408" classname="testcases.TC007_DuplicateLead"/>
</testsuite> <!-- testcases.TC007_DuplicateLead -->
