<?xml version="1.0" encoding="UTF-8"?>
<!-- Generated by org.testng.reporters.JUnitReportReporter -->
<testsuite name="testcases.TC003_CreateLead" tests="1" time="58.164" ignored="0" failures="0" timestamp="12 Apr 2018 14:38:25 GMT" skipped="0" hostname="DESKTOP-R57P1JO" errors="0">
  <testcase name="createLead" time="58.164" classname="testcases.TC003_CreateLead"/>
</testsuite> <!-- testcases.TC003_CreateLead -->
