<?xml version="1.0" encoding="UTF-8"?>
<!-- Generated by org.testng.reporters.JUnitReportReporter -->
<testsuite name="testcases.TC008_DeactivateAccount" tests="1" time="36.954" ignored="0" failures="0" timestamp="14 Apr 2018 08:35:30 GMT" skipped="0" hostname="DESKTOP-R57P1JO" errors="0">
  <testcase name="createLead" time="36.954" classname="testcases.TC008_DeactivateAccount"/>
</testsuite> <!-- testcases.TC008_DeactivateAccount -->
