<?xml version="1.0" encoding="UTF-8"?>
<!-- Generated by org.testng.reporters.JUnitReportReporter -->
<testsuite skipped="0" hostname="DESKTOP-R57P1JO" name="learningselenium.AnnotationsAttributes" tests="1" failures="0" timestamp="31 Mar 2018 08:59:19 GMT" time="0.016" errors="0">
  <testcase name="edit" time="0.016" classname="learningselenium.AnnotationsAttributes"/>
</testsuite> <!-- learningselenium.AnnotationsAttributes -->
