<?xml version="1.0" encoding="UTF-8"?>
<!-- Generated by org.testng.reporters.JUnitReportReporter -->
<testsuite skipped="0" hostname="DESKTOP-R57P1JO" name="testcases.TC001_CreateLead" tests="1" failures="0" timestamp="01 Apr 2018 07:11:56 GMT" time="52.998" errors="0">
  <testcase name="createLead" time="52.998" classname="testcases.TC001_CreateLead"/>
</testsuite> <!-- testcases.TC001_CreateLead -->
