<?xml version="1.0" encoding="UTF-8"?>
<!-- Generated by org.testng.reporters.JUnitReportReporter -->
<testsuite skipped="0" hostname="DESKTOP-R57P1JO" name="testcases.TC005_DuplicateLead" tests="1" failures="0" timestamp="01 Apr 2018 07:11:56 GMT" time="44.306" errors="0">
  <testcase name="duplicateLead" time="44.306" classname="testcases.TC005_DuplicateLead"/>
</testsuite> <!-- testcases.TC005_DuplicateLead -->
