<?xml version="1.0" encoding="UTF-8"?>
<!-- Generated by org.testng.reporters.JUnitReportReporter -->
<testsuite skipped="0" hostname="DESKTOP-R57P1JO" name="testcases.TC002_MergeLead" tests="1" failures="0" timestamp="01 Apr 2018 07:11:56 GMT" time="42.842" errors="0">
  <testcase name="mergelead" time="42.842" classname="testcases.TC002_MergeLead"/>
</testsuite> <!-- testcases.TC002_MergeLead -->
