<?xml version="1.0" encoding="UTF-8"?>
<!-- Generated by org.testng.reporters.JUnitReportReporter -->
<testsuite skipped="0" hostname="DESKTOP-R57P1JO" name="learnannotations.LearnAnnotations" tests="2" failures="0" timestamp="01 Apr 2018 05:47:32 GMT" time="0.010" errors="0">
  <testcase name="test2" time="0.003" classname="learnannotations.LearnAnnotations"/>
  <testcase name="test1" time="0.007" classname="learnannotations.LearnAnnotations"/>
</testsuite> <!-- learnannotations.LearnAnnotations -->
