<?xml version="1.0" encoding="UTF-8"?>
<!-- Generated by org.testng.reporters.JUnitReportReporter -->
<testsuite skipped="0" hostname="DESKTOP-R57P1JO" name="testcases.TC003_EditLead" tests="1" failures="0" timestamp="01 Apr 2018 07:11:56 GMT" time="38.284" errors="0">
  <testcase name="editLead" time="38.284" classname="testcases.TC003_EditLead"/>
</testsuite> <!-- testcases.TC003_EditLead -->
