<?xml version="1.0" encoding="UTF-8"?>
<!-- Generated by org.testng.reporters.JUnitReportReporter -->
<testsuite skipped="0" hostname="DESKTOP-R57P1JO" name="parameters.TC001_CreateLeadExcel" tests="2" failures="0" timestamp="07 Apr 2018 07:16:36 GMT" time="64.271" errors="0">
  <testcase name="createLead" time="30.230" classname="parameters.TC001_CreateLeadExcel"/>
  <testcase name="createLead" time="34.041" classname="parameters.TC001_CreateLeadExcel"/>
</testsuite> <!-- parameters.TC001_CreateLeadExcel -->
